<?xml version="1.0" encoding="UTF-8"?>
<!-- Generated by org.testng.reporters.JUnitXMLReporter -->
<testsuite hostname="Cristina" name="Default test" tests="1" failures="0" timestamp="9 Jun 2016 19:24:07 GMT" time="65.537" errors="0">
  <testcase name="@BeforeTest setUp" time="0.0" classname="testprokarma.SearchTest">
    <failure type="org.openqa.selenium.WebDriverException" message="Failed to connect to binary FirefoxBinary(C:\Program Files (x86)\Mozilla Firefox\firefox.exe) on port 7055; process output follows: 
&amp;quot;,&amp;quot;48&amp;quot;:&amp;quot;icon.png&amp;quot;},&amp;quot;iconURL&amp;quot;:null,&amp;quot;icon64URL&amp;quot;:null,&amp;quot;defaultLocale&amp;quot;:{&amp;quot;name&amp;quot;:&amp;quot;Default&amp;quot;,&amp;quot;description&amp;quot;:&amp;quot;The default theme.&amp;quot;,&amp;quot;creator&amp;quot;:&amp;quot;Mozilla&amp;quot;,&amp;quot;homepageURL&amp;quot;:null,&amp;quot;contributors&amp;quot;:[&amp;quot;Mozilla Contributors&amp;quot;]},&amp;quot;visible&amp;quot;:true,&amp;quot;active&amp;quot;:true,&amp;quot;userDisabled&amp;quot;:false,&amp;quot;appDisabled&amp;quot;:false,&amp;quot;descriptor&amp;quot;:&amp;quot;C:\\Program Files (x86)\\Mozilla Firefox\\browser\\extensions\\{972ce4c6-7e08-4474-a285-3208198ce6fd}.xpi&amp;quot;,&amp;quot;installDate&amp;quot;:1463514775232,&amp;quot;updateDate&amp;quot;:1463514775232,&amp;quot;applyBackgroundUpdates&amp;quot;:1,&amp;quot;skinnable&amp;quot;:true,&amp;quot;size&amp;quot;:22012,&amp;quot;sourceURI&amp;quot;:null,&amp;quot;releaseNotesURI&amp;quot;:null,&amp;quot;softDisabled&amp;quot;:false,&amp;quot;foreignInstall&amp;quot;:false,&amp;quot;hasBinaryComponents&amp;quot;:false,&amp;quot;strictCompatibility&amp;quot;:true,&amp;quot;locales&amp;quot;:[],&amp;quot;targetApplications&amp;quot;:[{&amp;quot;id&amp;quot;:&amp;quot;{ec8030f7-c20a-464f-9b0e-13a3a9e97384}&amp;quot;,&amp;quot;minVersion&amp;quot;:&amp;quot;46.0.1&amp;quot;,&amp;quot;maxVersion&amp;quot;:&amp;quot;46.0.1&amp;quot;}],&amp;quot;targetPlatforms&amp;quot;:[],&amp;quot;seen&amp;quot;:true}
1465500220844	addons.xpi	DEBUG	getModTime: Recursive scan of {972ce4c6-7e08-4474-a285-3208198ce6fd}
1465500220871	DeferredSave.extensions.json	DEBUG	Save changes
1465500220871	addons.xpi	DEBUG	Updating database with changes to installed add-ons
1465500220871	addons.xpi-utils	DEBUG	Updating add-on states
1465500220872	addons.xpi-utils	DEBUG	Writing add-ons list
1465500220880	addons.xpi	DEBUG	Registering manifest for C:\Program Files (x86)\Mozilla Firefox\browser\features\e10srollout@mozilla.org.xpi
1465500220881	addons.xpi	DEBUG	Calling bootstrap method startup on e10srollout@mozilla.org version 1.0
1465500220881	addons.xpi	DEBUG	Registering manifest for C:\Program Files (x86)\Mozilla Firefox\browser\features\firefox@getpocket.com.xpi
1465500220882	addons.xpi	DEBUG	Calling bootstrap method startup on firefox@getpocket.com version 1.0
1465500220883	addons.xpi	DEBUG	Registering manifest for C:\Program Files (x86)\Mozilla Firefox\browser\features\loop@mozilla.org.xpi
1465500220884	addons.xpi	DEBUG	Calling bootstrap method startup on loop@mozilla.org version 1.2.6
1465500221208	addons.xpi	DEBUG	Registering manifest for C:\Program Files (x86)\Mozilla Firefox\browser\extensions\{82AF8DCA-6DE9-405D-BD5E-43525BDAD38A}.xpi
1465500221208	addons.xpi	DEBUG	Calling bootstrap method startup on {82AF8DCA-6DE9-405D-BD5E-43525BDAD38A} version 8.3.0.9150
1465500221212	addons.manager	DEBUG	Registering shutdown blocker for XPIProvider
1465500221213	addons.manager	DEBUG	Provider finished startup: XPIProvider
1465500221213	addons.manager	DEBUG	Starting provider: LightweightThemeManager
1465500221213	addons.manager	DEBUG	Registering shutdown blocker for LightweightThemeManager
1465500221214	addons.manager	DEBUG	Provider finished startup: LightweightThemeManager
1465500221214	addons.manager	DEBUG	Starting provider: GMPProvider
1465500221241	addons.manager	DEBUG	Registering shutdown blocker for GMPProvider
1465500221241	addons.manager	DEBUG	Provider finished startup: GMPProvider
1465500221241	addons.manager	DEBUG	Starting provider: PluginProvider
1465500221242	addons.manager	DEBUG	Registering shutdown blocker for PluginProvider
1465500221242	addons.manager	DEBUG	Provider finished startup: PluginProvider
1465500221243	addons.manager	DEBUG	Completed startup sequence
1465500228579	addons.manager	DEBUG	Starting provider: &amp;lt;unnamed-provider&amp;gt;
1465500228579	addons.manager	DEBUG	Registering shutdown blocker for &amp;lt;unnamed-provider&amp;gt;
1465500228585	addons.manager	DEBUG	Provider finished startup: &amp;lt;unnamed-provider&amp;gt;
1465500233934	DeferredSave.extensions.json	DEBUG	Write succeeded
1465500233935	addons.xpi-utils	DEBUG	XPI Database saved, setting schema version preference to 17
1465500233935	DeferredSave.extensions.json	DEBUG	Starting timer
1465500233958	DeferredSave.extensions.json	DEBUG	Starting write
1465500238165	addons.repository	DEBUG	No addons.json found.
1465500238166	DeferredSave.addons.json	DEBUG	Save changes
1465500238201	DeferredSave.addons.json	DEBUG	Starting timer
1465500241905	addons.manager	DEBUG	Starting provider: PreviousExperimentProvider
1465500241905	addons.manager	DEBUG	Registering shutdown blocker for PreviousExperimentProvider
1465500241906	addons.manager	DEBUG	Provider finished startup: PreviousExperimentProvider

Build info: version: &amp;apos;2.48.2&amp;apos;, revision: &amp;apos;41bccdd10cf2c0560f637404c2d96164b67d9d67&amp;apos;, time: &amp;apos;2015-10-09 13:08:06&amp;apos;
System info: host: &amp;apos;Cristina&amp;apos;, ip: &amp;apos;192.168.0.15&amp;apos;, os.name: &amp;apos;Windows 10&amp;apos;, os.arch: &amp;apos;amd64&amp;apos;, os.version: &amp;apos;10.0&amp;apos;, java.version: &amp;apos;1.8.0_60&amp;apos;
Driver info: driver.version: FirefoxDriver">
      <![CDATA[org.openqa.selenium.WebDriverException: Failed to connect to binary FirefoxBinary(C:\Program Files (x86)\Mozilla Firefox\firefox.exe) on port 7055; process output follows: 
","48":"icon.png"},"iconURL":null,"icon64URL":null,"defaultLocale":{"name":"Default","description":"The default theme.","creator":"Mozilla","homepageURL":null,"contributors":["Mozilla Contributors"]},"visible":true,"active":true,"userDisabled":false,"appDisabled":false,"descriptor":"C:\\Program Files (x86)\\Mozilla Firefox\\browser\\extensions\\{972ce4c6-7e08-4474-a285-3208198ce6fd}.xpi","installDate":1463514775232,"updateDate":1463514775232,"applyBackgroundUpdates":1,"skinnable":true,"size":22012,"sourceURI":null,"releaseNotesURI":null,"softDisabled":false,"foreignInstall":false,"hasBinaryComponents":false,"strictCompatibility":true,"locales":[],"targetApplications":[{"id":"{ec8030f7-c20a-464f-9b0e-13a3a9e97384}","minVersion":"46.0.1","maxVersion":"46.0.1"}],"targetPlatforms":[],"seen":true}
1465500220844	addons.xpi	DEBUG	getModTime: Recursive scan of {972ce4c6-7e08-4474-a285-3208198ce6fd}
1465500220871	DeferredSave.extensions.json	DEBUG	Save changes
1465500220871	addons.xpi	DEBUG	Updating database with changes to installed add-ons
1465500220871	addons.xpi-utils	DEBUG	Updating add-on states
1465500220872	addons.xpi-utils	DEBUG	Writing add-ons list
1465500220880	addons.xpi	DEBUG	Registering manifest for C:\Program Files (x86)\Mozilla Firefox\browser\features\e10srollout@mozilla.org.xpi
1465500220881	addons.xpi	DEBUG	Calling bootstrap method startup on e10srollout@mozilla.org version 1.0
1465500220881	addons.xpi	DEBUG	Registering manifest for C:\Program Files (x86)\Mozilla Firefox\browser\features\firefox@getpocket.com.xpi
1465500220882	addons.xpi	DEBUG	Calling bootstrap method startup on firefox@getpocket.com version 1.0
1465500220883	addons.xpi	DEBUG	Registering manifest for C:\Program Files (x86)\Mozilla Firefox\browser\features\loop@mozilla.org.xpi
1465500220884	addons.xpi	DEBUG	Calling bootstrap method startup on loop@mozilla.org version 1.2.6
1465500221208	addons.xpi	DEBUG	Registering manifest for C:\Program Files (x86)\Mozilla Firefox\browser\extensions\{82AF8DCA-6DE9-405D-BD5E-43525BDAD38A}.xpi
1465500221208	addons.xpi	DEBUG	Calling bootstrap method startup on {82AF8DCA-6DE9-405D-BD5E-43525BDAD38A} version 8.3.0.9150
1465500221212	addons.manager	DEBUG	Registering shutdown blocker for XPIProvider
1465500221213	addons.manager	DEBUG	Provider finished startup: XPIProvider
1465500221213	addons.manager	DEBUG	Starting provider: LightweightThemeManager
1465500221213	addons.manager	DEBUG	Registering shutdown blocker for LightweightThemeManager
1465500221214	addons.manager	DEBUG	Provider finished startup: LightweightThemeManager
1465500221214	addons.manager	DEBUG	Starting provider: GMPProvider
1465500221241	addons.manager	DEBUG	Registering shutdown blocker for GMPProvider
1465500221241	addons.manager	DEBUG	Provider finished startup: GMPProvider
1465500221241	addons.manager	DEBUG	Starting provider: PluginProvider
1465500221242	addons.manager	DEBUG	Registering shutdown blocker for PluginProvider
1465500221242	addons.manager	DEBUG	Provider finished startup: PluginProvider
1465500221243	addons.manager	DEBUG	Completed startup sequence
1465500228579	addons.manager	DEBUG	Starting provider: <unnamed-provider>
1465500228579	addons.manager	DEBUG	Registering shutdown blocker for <unnamed-provider>
1465500228585	addons.manager	DEBUG	Provider finished startup: <unnamed-provider>
1465500233934	DeferredSave.extensions.json	DEBUG	Write succeeded
1465500233935	addons.xpi-utils	DEBUG	XPI Database saved, setting schema version preference to 17
1465500233935	DeferredSave.extensions.json	DEBUG	Starting timer
1465500233958	DeferredSave.extensions.json	DEBUG	Starting write
1465500238165	addons.repository	DEBUG	No addons.json found.
1465500238166	DeferredSave.addons.json	DEBUG	Save changes
1465500238201	DeferredSave.addons.json	DEBUG	Starting timer
1465500241905	addons.manager	DEBUG	Starting provider: PreviousExperimentProvider
1465500241905	addons.manager	DEBUG	Registering shutdown blocker for PreviousExperimentProvider
1465500241906	addons.manager	DEBUG	Provider finished startup: PreviousExperimentProvider

Build info: version: '2.48.2', revision: '41bccdd10cf2c0560f637404c2d96164b67d9d67', time: '2015-10-09 13:08:06'
System info: host: 'Cristina', ip: '192.168.0.15', os.name: 'Windows 10', os.arch: 'amd64', os.version: '10.0', java.version: '1.8.0_60'
Driver info: driver.version: FirefoxDriver
	at org.openqa.selenium.firefox.internal.NewProfileExtensionConnection.start(NewProfileExtensionConnection.java:135)
	at org.openqa.selenium.firefox.FirefoxDriver.startClient(FirefoxDriver.java:271)
	at org.openqa.selenium.remote.RemoteWebDriver.<init>(RemoteWebDriver.java:117)
	at org.openqa.selenium.firefox.FirefoxDriver.<init>(FirefoxDriver.java:216)
	at org.openqa.selenium.firefox.FirefoxDriver.<init>(FirefoxDriver.java:211)
	at org.openqa.selenium.firefox.FirefoxDriver.<init>(FirefoxDriver.java:207)
	at org.openqa.selenium.firefox.FirefoxDriver.<init>(FirefoxDriver.java:120)
	at testprokarma.SearchTest.setUp(SearchTest.java:39)
	at sun.reflect.NativeMethodAccessorImpl.invoke0(Native Method)
	at sun.reflect.NativeMethodAccessorImpl.invoke(NativeMethodAccessorImpl.java:62)
	at sun.reflect.DelegatingMethodAccessorImpl.invoke(DelegatingMethodAccessorImpl.java:43)
	at java.lang.reflect.Method.invoke(Method.java:497)
	at org.testng.internal.MethodInvocationHelper.invokeMethod(MethodInvocationHelper.java:85)
	at org.testng.internal.Invoker.invokeConfigurationMethod(Invoker.java:510)
	at org.testng.internal.Invoker.invokeConfigurations(Invoker.java:211)
	at org.testng.internal.Invoker.invokeConfigurations(Invoker.java:138)
	at org.testng.TestRunner.beforeRun(TestRunner.java:648)
	at org.testng.TestRunner.run(TestRunner.java:616)
	at org.testng.SuiteRunner.runTest(SuiteRunner.java:359)
	at org.testng.SuiteRunner.runSequentially(SuiteRunner.java:354)
	at org.testng.SuiteRunner.privateRun(SuiteRunner.java:312)
	at org.testng.SuiteRunner.run(SuiteRunner.java:261)
	at org.testng.SuiteRunnerWorker.runSuite(SuiteRunnerWorker.java:52)
	at org.testng.SuiteRunnerWorker.run(SuiteRunnerWorker.java:86)
	at org.testng.TestNG.runSuitesSequentially(TestNG.java:1215)
	at org.testng.TestNG.runSuitesLocally(TestNG.java:1140)
	at org.testng.TestNG.run(TestNG.java:1048)
	at org.testng.remote.RemoteTestNG.run(RemoteTestNG.java:112)
	at org.testng.remote.RemoteTestNG.initAndRun(RemoteTestNG.java:205)
	at org.testng.remote.RemoteTestNG.main(RemoteTestNG.java:176)
Caused by: org.openqa.selenium.firefox.NotConnectedException: Unable to connect to host 127.0.0.1 on port 7055 after 45000 ms. Firefox console output:
","48":"icon.png"},"iconURL":null,"icon64URL":null,"defaultLocale":{"name":"Default","description":"The default theme.","creator":"Mozilla","homepageURL":null,"contributors":["Mozilla Contributors"]},"visible":true,"active":true,"userDisabled":false,"appDisabled":false,"descriptor":"C:\\Program Files (x86)\\Mozilla Firefox\\browser\\extensions\\{972ce4c6-7e08-4474-a285-3208198ce6fd}.xpi","installDate":1463514775232,"updateDate":1463514775232,"applyBackgroundUpdates":1,"skinnable":true,"size":22012,"sourceURI":null,"releaseNotesURI":null,"softDisabled":false,"foreignInstall":false,"hasBinaryComponents":false,"strictCompatibility":true,"locales":[],"targetApplications":[{"id":"{ec8030f7-c20a-464f-9b0e-13a3a9e97384}","minVersion":"46.0.1","maxVersion":"46.0.1"}],"targetPlatforms":[],"seen":true}
1465500220844	addons.xpi	DEBUG	getModTime: Recursive scan of {972ce4c6-7e08-4474-a285-3208198ce6fd}
1465500220871	DeferredSave.extensions.json	DEBUG	Save changes
1465500220871	addons.xpi	DEBUG	Updating database with changes to installed add-ons
1465500220871	addons.xpi-utils	DEBUG	Updating add-on states
1465500220872	addons.xpi-utils	DEBUG	Writing add-ons list
1465500220880	addons.xpi	DEBUG	Registering manifest for C:\Program Files (x86)\Mozilla Firefox\browser\features\e10srollout@mozilla.org.xpi
1465500220881	addons.xpi	DEBUG	Calling bootstrap method startup on e10srollout@mozilla.org version 1.0
1465500220881	addons.xpi	DEBUG	Registering manifest for C:\Program Files (x86)\Mozilla Firefox\browser\features\firefox@getpocket.com.xpi
1465500220882	addons.xpi	DEBUG	Calling bootstrap method startup on firefox@getpocket.com version 1.0
1465500220883	addons.xpi	DEBUG	Registering manifest for C:\Program Files (x86)\Mozilla Firefox\browser\features\loop@mozilla.org.xpi
1465500220884	addons.xpi	DEBUG	Calling bootstrap method startup on loop@mozilla.org version 1.2.6
1465500221208	addons.xpi	DEBUG	Registering manifest for C:\Program Files (x86)\Mozilla Firefox\browser\extensions\{82AF8DCA-6DE9-405D-BD5E-43525BDAD38A}.xpi
1465500221208	addons.xpi	DEBUG	Calling bootstrap method startup on {82AF8DCA-6DE9-405D-BD5E-43525BDAD38A} version 8.3.0.9150
1465500221212	addons.manager	DEBUG	Registering shutdown blocker for XPIProvider
1465500221213	addons.manager	DEBUG	Provider finished startup: XPIProvider
1465500221213	addons.manager	DEBUG	Starting provider: LightweightThemeManager
1465500221213	addons.manager	DEBUG	Registering shutdown blocker for LightweightThemeManager
1465500221214	addons.manager	DEBUG	Provider finished startup: LightweightThemeManager
1465500221214	addons.manager	DEBUG	Starting provider: GMPProvider
1465500221241	addons.manager	DEBUG	Registering shutdown blocker for GMPProvider
1465500221241	addons.manager	DEBUG	Provider finished startup: GMPProvider
1465500221241	addons.manager	DEBUG	Starting provider: PluginProvider
1465500221242	addons.manager	DEBUG	Registering shutdown blocker for PluginProvider
1465500221242	addons.manager	DEBUG	Provider finished startup: PluginProvider
1465500221243	addons.manager	DEBUG	Completed startup sequence
1465500228579	addons.manager	DEBUG	Starting provider: <unnamed-provider>
1465500228579	addons.manager	DEBUG	Registering shutdown blocker for <unnamed-provider>
1465500228585	addons.manager	DEBUG	Provider finished startup: <unnamed-provider>
1465500233934	DeferredSave.extensions.json	DEBUG	Write succeeded
1465500233935	addons.xpi-utils	DEBUG	XPI Database saved, setting schema version preference to 17
1465500233935	DeferredSave.extensions.json	DEBUG	Starting timer
1465500233958	DeferredSave.extensions.json	DEBUG	Starting write
1465500238165	addons.repository	DEBUG	No addons.json found.
1465500238166	DeferredSave.addons.json	DEBUG	Save changes
1465500238201	DeferredSave.addons.json	DEBUG	Starting timer
1465500241905	addons.manager	DEBUG	Starting provider: PreviousExperimentProvider
1465500241905	addons.manager	DEBUG	Registering shutdown blocker for PreviousExperimentProvider
1465500241906	addons.manager	DEBUG	Provider finished startup: PreviousExperimentProvider

	at org.openqa.selenium.firefox.internal.NewProfileExtensionConnection.start(NewProfileExtensionConnection.java:123)
	... 29 more
]]>
    </failure>
  </testcase> <!-- @BeforeTest setUp -->
  <testcase name="@AfterTest teardown" time="0.0" classname="testprokarma.SearchTest">
    <skipped/>
  </testcase> <!-- @AfterTest teardown -->
  <testcase name="searchTest" time="0.0" classname="testprokarma.SearchTest">
    <skipped/>
  </testcase> <!-- searchTest -->
</testsuite> <!-- Default test -->
